0 info it worked if it ends with ok
1 verbose cli [ 'node', '/usr/bin/npm', 'run', 'watch-css' ]
2 info using npm@1.4.4
3 info using node@v0.10.26
4 verbose run-script [ 'prewatch-css', 'watch-css', 'postwatch-css' ]
5 info prewatch-css devroot@
6 info watch-css devroot@
7 verbose unsafe-perm in lifecycle true
8 info devroot@ Failed to exec watch-css script
9 error devroot@ watch-css: `nodemon --watch client -e css --ignore '*.js' tools/build-css.js`
9 error Exit status 1
10 error Failed at the devroot@ watch-css script.
10 error This is most likely a problem with the devroot package,
10 error not with npm itself.
10 error Tell the author that this fails on your system:
10 error     nodemon --watch client -e css --ignore '*.js' tools/build-css.js
10 error You can get their info via:
10 error     npm owner ls devroot
10 error There is likely additional logging output above.
11 error System Linux 3.13.5-1-ARCH
12 error command "node" "/usr/bin/npm" "run" "watch-css"
13 error cwd /home/ashnur/work/diagrams
14 error node -v v0.10.26
15 error npm -v 1.4.4
16 error code ELIFECYCLE
17 verbose exit [ 1, true ]
